<?xml version="1.0" encoding="UTF-8"?>
<!-- Generated by org.testng.reporters.JUnitXMLReporter -->
<testsuite hostname="DESKTOP-6NI868R" ignored="0" name="Rest API regression Test" tests="4" failures="0" timestamp="27 Jan 2020 11:20:48 GMT" time="15.612" errors="0">
  <testcase name="createUserAPITest" time="8.661" classname="com.qa.api.gorest.tests.CreateUserTest"/>
  <testcase name="createUserAPITest" time="1.537" classname="com.qa.api.gorest.tests.CreateUserTest"/>
  <testcase name="createUserAPITest" time="1.456" classname="com.qa.api.gorest.tests.CreateUserTest"/>
  <testcase name="createUserAPITest" time="1.489" classname="com.qa.api.gorest.tests.CreateUserTest"/>
</testsuite> <!-- Rest API regression Test -->
