<?xml version="1.0" encoding="UTF-8"?>
<!-- Generated by org.testng.reporters.JUnitXMLReporter -->
<testsuite hostname="DESKTOP-6NI868R" ignored="0" name="Default test" tests="4" failures="0" timestamp="15 Jan 2020 13:12:36 GMT" time="5.646" errors="0">
  <testcase name="createUserAPITest" time="3.545" classname="com.qa.api.gorest.tests.CreateUserTest"/>
  <testcase name="createUserAPITest" time="0.374" classname="com.qa.api.gorest.tests.CreateUserTest"/>
  <testcase name="createUserAPITest" time="0.365" classname="com.qa.api.gorest.tests.CreateUserTest"/>
  <testcase name="createUserAPITest" time="0.369" classname="com.qa.api.gorest.tests.CreateUserTest"/>
</testsuite> <!-- Default test -->
