<?xml version="1.0" encoding="UTF-8"?>
<!-- Generated by org.testng.reporters.JUnitXMLReporter -->
<testsuite hostname="DESKTOP-6NI868R" ignored="0" name="Test" tests="17" failures="0" timestamp="22 Feb 2020 20:43:50 GMT" time="22.299" errors="0">
  <testcase name="createUserAPITest" time="4.34" classname="com.qa.api.gorest.tests.CreateUserTest"/>
  <testcase name="createUserAPITest" time="1.089" classname="com.qa.api.gorest.tests.CreateUserTest"/>
  <testcase name="createUserAPITest" time="1.025" classname="com.qa.api.gorest.tests.CreateUserTest"/>
  <testcase name="createUserAPITest" time="1.039" classname="com.qa.api.gorest.tests.CreateUserTest"/>
  <testcase name="updateUserAPITest" time="1.054" classname="com.qa.api.gorest.tests.UpdateUserTest"/>
  <testcase name="UpdateImageInfoPostAPITest" time="0.574" classname="com.qa.api.imgur.tests.PostImgurAPITest"/>
  <testcase name="uploadImagePostAPITest" time="1.136" classname="com.qa.api.imgur.tests.PostImgurAPITest"/>
  <testcase name="AccountBaseTest" time="0.337" classname="com.qa.api.imgur.tests.GetImgurAPITest"/>
  <testcase name="AccountImageTest" time="0.34" classname="com.qa.api.imgur.tests.GetImgurAPITest"/>
  <testcase name="AccountSettingsTest" time="0.638" classname="com.qa.api.imgur.tests.GetImgurAPITest"/>
  <testcase name="accountBlockstatusTest" time="0.381" classname="com.qa.api.imgur.tests.GetImgurAPITest"/>
  <testcase name="getAccountImageTest" time="0.714" classname="com.qa.api.imgur.tests.GetImgurAPITest"/>
  <testcase name="getAllUserListAPITest" time="1.019" classname="com.qa.api.gorest.tests.GetUserTest"/>
  <testcase name="createUserAPITest" time="1.436" classname="com.qa.api.gorest.tests.DeleteUserTest"/>
  <testcase name="getUser_withQueryParamsTest" time="1.047" classname="com.qa.api.gorest.tests.GetUserTest"/>
  <testcase name="updateUserAPITest" time="1.021" classname="com.qa.api.gorest.tests.DeleteUserTest"/>
  <testcase name="VeriyUserAPITest" time="1.118" classname="com.qa.api.gorest.tests.DeleteUserTest"/>
</testsuite> <!-- Test -->
