<?xml version="1.0" encoding="UTF-8"?>
<!-- Generated by org.testng.reporters.JUnitXMLReporter -->
<testsuite hostname="DESKTOP-6NI868R" ignored="0" name="Rest API regression Test" tests="14" failures="0" timestamp="15 Jan 2020 12:14:38 GMT" time="21.769" errors="0">
  <testcase name="createUserAPITest" time="3.423" classname="com.qa.api.gorest.tests.CreateUserTest"/>
  <testcase name="updateUserAPITest" time="5.81" classname="com.qa.api.gorest.tests.UpdateUserTest"/>
  <testcase name="createUserAPITest" time="0.371" classname="com.qa.api.gorest.tests.CreateUserTest"/>
  <testcase name="createUserAPITest" time="0.353" classname="com.qa.api.gorest.tests.CreateUserTest"/>
  <testcase name="createUserAPITest" time="0.626" classname="com.qa.api.gorest.tests.CreateUserTest"/>
  <testcase name="UpdateImageInfoPostAPITest" time="1.735" classname="com.qa.api.imgur.tests.PostImgurAPITest"/>
  <testcase name="AccountBaseTest" time="1.486" classname="com.qa.api.imgur.tests.GetImgurAPITest"/>
  <testcase name="uploadImagePostAPITest" time="2.152" classname="com.qa.api.imgur.tests.PostImgurAPITest"/>
  <testcase name="AccountImageTest" time="1.452" classname="com.qa.api.imgur.tests.GetImgurAPITest"/>
  <testcase name="AccountSettingsTest" time="1.657" classname="com.qa.api.imgur.tests.GetImgurAPITest"/>
  <testcase name="accountBlockstatusTest" time="1.445" classname="com.qa.api.imgur.tests.GetImgurAPITest"/>
  <testcase name="getAccountImageTest" time="1.698" classname="com.qa.api.imgur.tests.GetImgurAPITest"/>
  <testcase name="getAllUserListAPITest" time="0.354" classname="com.qa.api.gorest.tests.GetUserTest"/>
  <testcase name="getUser_withQueryParamsTest" time="0.339" classname="com.qa.api.gorest.tests.GetUserTest"/>
</testsuite> <!-- Rest API regression Test -->
