<?xml version="1.0" encoding="UTF-8"?>
<!-- Generated by org.testng.reporters.JUnitXMLReporter -->
<testsuite hostname="DESKTOP-6NI868R" ignored="0" name="Rest API regression Test" tests="14" failures="0" timestamp="06 Dec 2019 07:22:13 GMT" time="20.489" errors="0">
  <testcase name="createUserAPITest" time="2.847" classname="com.qa.api.gorest.tests.CreateUserTest"/>
  <testcase name="updateUserAPITest" time="4.378" classname="com.qa.api.gorest.tests.UpdateUserTest"/>
  <testcase name="createUserAPITest" time="0.365" classname="com.qa.api.gorest.tests.CreateUserTest"/>
  <testcase name="createUserAPITest" time="0.406" classname="com.qa.api.gorest.tests.CreateUserTest"/>
  <testcase name="createUserAPITest" time="0.801" classname="com.qa.api.gorest.tests.CreateUserTest"/>
  <testcase name="UpdateImageInfoPostAPITest" time="1.662" classname="com.qa.api.imgur.tests.PostImgurAPITest"/>
  <testcase name="AccountBaseTest" time="1.514" classname="com.qa.api.imgur.tests.GetImgurAPITest"/>
  <testcase name="uploadImagePostAPITest" time="2.037" classname="com.qa.api.imgur.tests.PostImgurAPITest"/>
  <testcase name="AccountImageTest" time="1.482" classname="com.qa.api.imgur.tests.GetImgurAPITest"/>
  <testcase name="AccountSettingsTest" time="1.753" classname="com.qa.api.imgur.tests.GetImgurAPITest"/>
  <testcase name="accountBlockstatusTest" time="1.408" classname="com.qa.api.imgur.tests.GetImgurAPITest"/>
  <testcase name="getAccountImageTest" time="1.463" classname="com.qa.api.imgur.tests.GetImgurAPITest"/>
  <testcase name="getAllUserListAPITest" time="0.373" classname="com.qa.api.gorest.tests.GetUserTest"/>
  <testcase name="getUser_withQueryParamsTest" time="0.366" classname="com.qa.api.gorest.tests.GetUserTest"/>
</testsuite> <!-- Rest API regression Test -->
